<?xml version="1.0" encoding="UTF-8"?>
<!-- Generated by org.testng.reporters.JUnitReportReporter -->
<testsuite skipped="0" hostname="Joshikanth" name="testng.org.TestPRac" tests="2" failures="0" timestamp="20 Apr 2022 21:03:00 GMT" time="131.961" errors="0">
  <testcase name="tc2" time="45.994" classname="testng.org.TestPRac"/>
  <testcase name="tc1" time="85.967" classname="testng.org.TestPRac"/>
</testsuite> <!-- testng.org.TestPRac -->
