<?xml version="1.0" encoding="UTF-8"?>
<!-- Generated by org.testng.reporters.JUnitReportReporter -->
<testsuite skipped="0" hostname="Joshikanth" name="fblog.org.FbLogin" tests="3" failures="0" timestamp="19 Apr 2022 18:27:26 GMT" time="12.219" errors="0">
  <testcase name="tc1" time="11.302" classname="fblog.org.FbLogin"/>
  <testcase name="tc2" time="0.356" classname="fblog.org.FbLogin"/>
  <testcase name="tc3" time="0.561" classname="fblog.org.FbLogin"/>
</testsuite> <!-- fblog.org.FbLogin -->
