<?xml version="1.0" encoding="UTF-8"?>
<!-- Generated by org.testng.reporters.JUnitReportReporter -->
<testsuite skipped="0" hostname="Joshikanth" name="ada.org.Gmail" tests="3" failures="0" timestamp="23 Apr 2022 10:41:10 GMT" time="20.467" errors="0">
  <testcase name="tc2" time="4.968" classname="ada.org.Gmail"/>
  <testcase name="tc4" time="0.408" classname="ada.org.Gmail"/>
  <testcase name="tc1" time="15.091" classname="ada.org.Gmail"/>
</testsuite> <!-- ada.org.Gmail -->
