<?xml version="1.0" encoding="UTF-8"?>
<!-- Generated by org.testng.reporters.JUnitReportReporter -->
<testsuite hostname="Joshikanth" name="test.org.B" tests="1" failures="0" timestamp="16 Apr 2022 20:23:14 GMT" time="0.041" errors="0">
  <testcase name="tc1" time="0.041" classname="test.org.B"/>
</testsuite> <!-- test.org.B -->
