<?xml version="1.0" encoding="UTF-8"?>
<!-- Generated by org.testng.reporters.JUnitReportReporter -->
<testsuite skipped="0" hostname="Joshikanth" name="testng.org.FireFox" tests="2" failures="0" timestamp="20 Apr 2022 21:03:00 GMT" time="101.005" errors="0">
  <testcase name="tc2" time="21.472" classname="testng.org.FireFox"/>
  <testcase name="tc1" time="79.533" classname="testng.org.FireFox"/>
</testsuite> <!-- testng.org.FireFox -->
