<?xml version="1.0" encoding="UTF-8"?>
<!-- Generated by org.testng.reporters.JUnitReportReporter -->
<testsuite skipped="0" hostname="Joshikanth" name="form.org.FormReg" tests="1" failures="0" timestamp="22 Apr 2022 19:41:57 GMT" time="13.790" errors="0">
  <testcase name="tc1" time="13.790" classname="form.org.FormReg"/>
</testsuite> <!-- form.org.FormReg -->
