<?xml version="1.0" encoding="UTF-8"?>
<!-- Generated by org.testng.reporters.JUnitReportReporter -->
<testsuite skipped="0" hostname="Joshikanth" name="testng.org.IE" tests="2" failures="0" timestamp="20 Apr 2022 21:03:00 GMT" time="111.997" errors="0">
  <testcase name="tc2" time="19.031" classname="testng.org.IE"/>
  <testcase name="tc1" time="92.966" classname="testng.org.IE"/>
</testsuite> <!-- testng.org.IE -->
